【日志级别】：Information
【日志类名】：System.Logging.EventBusService
【日志时间】：2024-06-10 19:20:54
【日志内容】：EventBus hosted service is running.

【日志级别】：Information
【日志类名】：Microsoft.Hosting.Lifetime
【日志时间】：2024-06-10 19:20:55
【日志内容】：Now listening on: http://0.0.0.0:5566

【日志级别】：Information
【日志类名】：Microsoft.Hosting.Lifetime
【日志时间】：2024-06-10 19:20:55
【日志内容】：Application started. Press Ctrl+C to shut down.

【日志级别】：Information
【日志类名】：Microsoft.Hosting.Lifetime
【日志时间】：2024-06-10 19:20:55
【日志内容】：Hosting environment: Development

【日志级别】：Information
【日志类名】：Microsoft.Hosting.Lifetime
【日志时间】：2024-06-10 19:20:55
【日志内容】：Content root path: C:\Myprogram\C#_program\SimpleAdmin-master\api\SimpleAdmin\SimpleAdmin.Web.Entry\

【日志级别】：Information
【日志类名】：Microsoft.Hosting.Lifetime
【日志时间】：2024-06-10 19:31:48
【日志内容】：Application is shutting down...

【日志级别】：Information
【日志类名】：System.Logging.EventBusService
【日志时间】：2024-06-10 19:32:06
【日志内容】：EventBus hosted service is running.

【日志级别】：Information
【日志类名】：Microsoft.Hosting.Lifetime
【日志时间】：2024-06-10 19:32:07
【日志内容】：Now listening on: http://0.0.0.0:5566

【日志级别】：Information
【日志类名】：Microsoft.Hosting.Lifetime
【日志时间】：2024-06-10 19:32:07
【日志内容】：Application started. Press Ctrl+C to shut down.

【日志级别】：Information
【日志类名】：Microsoft.Hosting.Lifetime
【日志时间】：2024-06-10 19:32:07
【日志内容】：Hosting environment: Development

【日志级别】：Information
【日志类名】：Microsoft.Hosting.Lifetime
【日志时间】：2024-06-10 19:32:07
【日志内容】：Content root path: C:\Myprogram\C#_program\SimpleAdmin-master\api\SimpleAdmin\SimpleAdmin.Web.Entry\

【日志级别】：Information
【日志类名】：Microsoft.Hosting.Lifetime
【日志时间】：2024-06-10 19:32:56
【日志内容】：Application is shutting down...

【日志级别】：Information
【日志类名】：System.Logging.EventBusService
【日志时间】：2024-06-10 19:33:09
【日志内容】：EventBus hosted service is running.

【日志级别】：Information
【日志类名】：Microsoft.Hosting.Lifetime
【日志时间】：2024-06-10 19:33:10
【日志内容】：Now listening on: http://0.0.0.0:5566

【日志级别】：Information
【日志类名】：Microsoft.Hosting.Lifetime
【日志时间】：2024-06-10 19:33:10
【日志内容】：Application started. Press Ctrl+C to shut down.

【日志级别】：Information
【日志类名】：Microsoft.Hosting.Lifetime
【日志时间】：2024-06-10 19:33:10
【日志内容】：Hosting environment: Development

【日志级别】：Information
【日志类名】：Microsoft.Hosting.Lifetime
【日志时间】：2024-06-10 19:33:10
【日志内容】：Content root path: C:\Myprogram\C#_program\SimpleAdmin-master\api\SimpleAdmin\SimpleAdmin.Web.Entry\

【日志级别】：Information
【日志类名】：Microsoft.Hosting.Lifetime
【日志时间】：2024-06-10 19:33:36
【日志内容】：Application is shutting down...

【日志级别】：Information
【日志类名】：System.Logging.EventBusService
【日志时间】：2024-06-10 19:33:48
【日志内容】：EventBus hosted service is running.

【日志级别】：Information
【日志类名】：Microsoft.Hosting.Lifetime
【日志时间】：2024-06-10 19:33:50
【日志内容】：Now listening on: http://0.0.0.0:5566

【日志级别】：Information
【日志类名】：Microsoft.Hosting.Lifetime
【日志时间】：2024-06-10 19:33:50
【日志内容】：Application started. Press Ctrl+C to shut down.

【日志级别】：Information
【日志类名】：Microsoft.Hosting.Lifetime
【日志时间】：2024-06-10 19:33:50
【日志内容】：Hosting environment: Development

【日志级别】：Information
【日志类名】：Microsoft.Hosting.Lifetime
【日志时间】：2024-06-10 19:33:50
【日志内容】：Content root path: C:\Myprogram\C#_program\SimpleAdmin-master\api\SimpleAdmin\SimpleAdmin.Web.Entry\

【日志级别】：Information
【日志类名】：Microsoft.Hosting.Lifetime
【日志时间】：2024-06-10 19:34:03
【日志内容】：Application is shutting down...

【日志级别】：Information
【日志类名】：System.Logging.EventBusService
【日志时间】：2024-06-10 19:34:44
【日志内容】：EventBus hosted service is running.

【日志级别】：Information
【日志类名】：Microsoft.Hosting.Lifetime
【日志时间】：2024-06-10 19:34:45
【日志内容】：Now listening on: http://0.0.0.0:5566

【日志级别】：Information
【日志类名】：Microsoft.Hosting.Lifetime
【日志时间】：2024-06-10 19:34:45
【日志内容】：Application started. Press Ctrl+C to shut down.

【日志级别】：Information
【日志类名】：Microsoft.Hosting.Lifetime
【日志时间】：2024-06-10 19:34:45
【日志内容】：Hosting environment: Development

【日志级别】：Information
【日志类名】：Microsoft.Hosting.Lifetime
【日志时间】：2024-06-10 19:34:45
【日志内容】：Content root path: C:\Myprogram\C#_program\SimpleAdmin-master\api\SimpleAdmin\SimpleAdmin.Web.Entry\

【日志级别】：Information
【日志类名】：Microsoft.Hosting.Lifetime
【日志时间】：2024-06-10 19:35:44
【日志内容】：Application is shutting down...

【日志级别】：Information
【日志类名】：System.Logging.EventBusService
【日志时间】：2024-06-10 19:35:53
【日志内容】：EventBus hosted service is running.

【日志级别】：Information
【日志类名】：Microsoft.Hosting.Lifetime
【日志时间】：2024-06-10 19:35:54
【日志内容】：Now listening on: http://0.0.0.0:5566

【日志级别】：Information
【日志类名】：Microsoft.Hosting.Lifetime
【日志时间】：2024-06-10 19:35:54
【日志内容】：Application started. Press Ctrl+C to shut down.

【日志级别】：Information
【日志类名】：Microsoft.Hosting.Lifetime
【日志时间】：2024-06-10 19:35:54
【日志内容】：Hosting environment: Development

【日志级别】：Information
【日志类名】：Microsoft.Hosting.Lifetime
【日志时间】：2024-06-10 19:35:54
【日志内容】：Content root path: C:\Myprogram\C#_program\SimpleAdmin-master\api\SimpleAdmin\SimpleAdmin.Web.Entry\

【日志级别】：Information
【日志类名】：Microsoft.Hosting.Lifetime
【日志时间】：2024-06-10 19:36:39
【日志内容】：Application is shutting down...

【日志级别】：Information
【日志类名】：System.Logging.EventBusService
【日志时间】：2024-06-10 19:36:51
【日志内容】：EventBus hosted service is running.

【日志级别】：Information
【日志类名】：Microsoft.Hosting.Lifetime
【日志时间】：2024-06-10 19:36:53
【日志内容】：Now listening on: http://0.0.0.0:5566

【日志级别】：Information
【日志类名】：Microsoft.Hosting.Lifetime
【日志时间】：2024-06-10 19:36:53
【日志内容】：Application started. Press Ctrl+C to shut down.

【日志级别】：Information
【日志类名】：Microsoft.Hosting.Lifetime
【日志时间】：2024-06-10 19:36:53
【日志内容】：Hosting environment: Development

【日志级别】：Information
【日志类名】：Microsoft.Hosting.Lifetime
【日志时间】：2024-06-10 19:36:53
【日志内容】：Content root path: C:\Myprogram\C#_program\SimpleAdmin-master\api\SimpleAdmin\SimpleAdmin.Web.Entry\

【日志级别】：Information
【日志类名】：Microsoft.Hosting.Lifetime
【日志时间】：2024-06-10 19:42:06
【日志内容】：Application is shutting down...

【日志级别】：Information
【日志类名】：System.Logging.EventBusService
【日志时间】：2024-06-10 19:42:16
【日志内容】：EventBus hosted service is running.

【日志级别】：Information
【日志类名】：Microsoft.Hosting.Lifetime
【日志时间】：2024-06-10 19:42:18
【日志内容】：Now listening on: http://0.0.0.0:5566

【日志级别】：Information
【日志类名】：Microsoft.Hosting.Lifetime
【日志时间】：2024-06-10 19:42:18
【日志内容】：Application started. Press Ctrl+C to shut down.

【日志级别】：Information
【日志类名】：Microsoft.Hosting.Lifetime
【日志时间】：2024-06-10 19:42:18
【日志内容】：Hosting environment: Development

【日志级别】：Information
【日志类名】：Microsoft.Hosting.Lifetime
【日志时间】：2024-06-10 19:42:18
【日志内容】：Content root path: C:\Myprogram\C#_program\SimpleAdmin-master\api\SimpleAdmin\SimpleAdmin.Web.Entry\

【日志级别】：Information
【日志类名】：Microsoft.Hosting.Lifetime
【日志时间】：2024-06-10 19:44:25
【日志内容】：Application is shutting down...

【日志级别】：Information
【日志类名】：System.Logging.EventBusService
【日志时间】：2024-06-10 19:44:37
【日志内容】：EventBus hosted service is running.

【日志级别】：Information
【日志类名】：Microsoft.Hosting.Lifetime
【日志时间】：2024-06-10 19:44:38
【日志内容】：Now listening on: http://0.0.0.0:5566

【日志级别】：Information
【日志类名】：Microsoft.Hosting.Lifetime
【日志时间】：2024-06-10 19:44:38
【日志内容】：Application started. Press Ctrl+C to shut down.

【日志级别】：Information
【日志类名】：Microsoft.Hosting.Lifetime
【日志时间】：2024-06-10 19:44:38
【日志内容】：Hosting environment: Development

【日志级别】：Information
【日志类名】：Microsoft.Hosting.Lifetime
【日志时间】：2024-06-10 19:44:38
【日志内容】：Content root path: C:\Myprogram\C#_program\SimpleAdmin-master\api\SimpleAdmin\SimpleAdmin.Web.Entry\

【日志级别】：Information
【日志类名】：Microsoft.Hosting.Lifetime
【日志时间】：2024-06-10 19:45:31
【日志内容】：Application is shutting down...

【日志级别】：Information
【日志类名】：System.Logging.EventBusService
【日志时间】：2024-06-10 19:45:43
【日志内容】：EventBus hosted service is running.

【日志级别】：Information
【日志类名】：Microsoft.Hosting.Lifetime
【日志时间】：2024-06-10 19:45:44
【日志内容】：Now listening on: http://0.0.0.0:5566

【日志级别】：Information
【日志类名】：Microsoft.Hosting.Lifetime
【日志时间】：2024-06-10 19:45:44
【日志内容】：Application started. Press Ctrl+C to shut down.

【日志级别】：Information
【日志类名】：Microsoft.Hosting.Lifetime
【日志时间】：2024-06-10 19:45:44
【日志内容】：Hosting environment: Development

【日志级别】：Information
【日志类名】：Microsoft.Hosting.Lifetime
【日志时间】：2024-06-10 19:45:44
【日志内容】：Content root path: C:\Myprogram\C#_program\SimpleAdmin-master\api\SimpleAdmin\SimpleAdmin.Web.Entry\

【日志级别】：Information
【日志类名】：Microsoft.Hosting.Lifetime
【日志时间】：2024-06-10 19:47:45
【日志内容】：Application is shutting down...

【日志级别】：Information
【日志类名】：System.Logging.EventBusService
【日志时间】：2024-06-10 19:47:56
【日志内容】：EventBus hosted service is running.

【日志级别】：Information
【日志类名】：Microsoft.Hosting.Lifetime
【日志时间】：2024-06-10 19:47:58
【日志内容】：Now listening on: http://0.0.0.0:5566

【日志级别】：Information
【日志类名】：Microsoft.Hosting.Lifetime
【日志时间】：2024-06-10 19:47:58
【日志内容】：Application started. Press Ctrl+C to shut down.

【日志级别】：Information
【日志类名】：Microsoft.Hosting.Lifetime
【日志时间】：2024-06-10 19:47:58
【日志内容】：Hosting environment: Development

【日志级别】：Information
【日志类名】：Microsoft.Hosting.Lifetime
【日志时间】：2024-06-10 19:47:58
【日志内容】：Content root path: C:\Myprogram\C#_program\SimpleAdmin-master\api\SimpleAdmin\SimpleAdmin.Web.Entry\

【日志级别】：Information
【日志类名】：Microsoft.Hosting.Lifetime
【日志时间】：2024-06-10 19:50:48
【日志内容】：Application is shutting down...

【日志级别】：Information
【日志类名】：System.Logging.EventBusService
【日志时间】：2024-06-10 19:51:00
【日志内容】：EventBus hosted service is running.

【日志级别】：Information
【日志类名】：Microsoft.Hosting.Lifetime
【日志时间】：2024-06-10 19:51:01
【日志内容】：Now listening on: http://0.0.0.0:5566

【日志级别】：Information
【日志类名】：Microsoft.Hosting.Lifetime
【日志时间】：2024-06-10 19:51:01
【日志内容】：Application started. Press Ctrl+C to shut down.

【日志级别】：Information
【日志类名】：Microsoft.Hosting.Lifetime
【日志时间】：2024-06-10 19:51:01
【日志内容】：Hosting environment: Development

【日志级别】：Information
【日志类名】：Microsoft.Hosting.Lifetime
【日志时间】：2024-06-10 19:51:01
【日志内容】：Content root path: C:\Myprogram\C#_program\SimpleAdmin-master\api\SimpleAdmin\SimpleAdmin.Web.Entry\

【日志级别】：Information
【日志类名】：Microsoft.Hosting.Lifetime
【日志时间】：2024-06-10 19:51:41
【日志内容】：Application is shutting down...

【日志级别】：Information
【日志类名】：System.Logging.EventBusService
【日志时间】：2024-06-10 19:51:53
【日志内容】：EventBus hosted service is running.

【日志级别】：Information
【日志类名】：Microsoft.Hosting.Lifetime
【日志时间】：2024-06-10 19:51:54
【日志内容】：Now listening on: http://0.0.0.0:5566

【日志级别】：Information
【日志类名】：Microsoft.Hosting.Lifetime
【日志时间】：2024-06-10 19:51:54
【日志内容】：Application started. Press Ctrl+C to shut down.

【日志级别】：Information
【日志类名】：Microsoft.Hosting.Lifetime
【日志时间】：2024-06-10 19:51:54
【日志内容】：Hosting environment: Development

【日志级别】：Information
【日志类名】：Microsoft.Hosting.Lifetime
【日志时间】：2024-06-10 19:51:54
【日志内容】：Content root path: C:\Myprogram\C#_program\SimpleAdmin-master\api\SimpleAdmin\SimpleAdmin.Web.Entry\

【日志级别】：Information
【日志类名】：Microsoft.Hosting.Lifetime
【日志时间】：2024-06-10 20:04:53
【日志内容】：Application is shutting down...

【日志级别】：Information
【日志类名】：System.Logging.EventBusService
【日志时间】：2024-06-10 20:05:17
【日志内容】：EventBus hosted service is running.

【日志级别】：Information
【日志类名】：Microsoft.Hosting.Lifetime
【日志时间】：2024-06-10 20:05:18
【日志内容】：Now listening on: http://0.0.0.0:5566

【日志级别】：Information
【日志类名】：Microsoft.Hosting.Lifetime
【日志时间】：2024-06-10 20:05:18
【日志内容】：Application started. Press Ctrl+C to shut down.

【日志级别】：Information
【日志类名】：Microsoft.Hosting.Lifetime
【日志时间】：2024-06-10 20:05:18
【日志内容】：Hosting environment: Development

【日志级别】：Information
【日志类名】：Microsoft.Hosting.Lifetime
【日志时间】：2024-06-10 20:05:18
【日志内容】：Content root path: C:\Myprogram\C#_program\SimpleAdmin-master\api\SimpleAdmin\SimpleAdmin.Web.Entry\

【日志级别】：Information
【日志类名】：Microsoft.Hosting.Lifetime
【日志时间】：2024-06-10 20:06:51
【日志内容】：Application is shutting down...

【日志级别】：Information
【日志类名】：System.Logging.EventBusService
【日志时间】：2024-06-10 20:07:03
【日志内容】：EventBus hosted service is running.

【日志级别】：Information
【日志类名】：Microsoft.Hosting.Lifetime
【日志时间】：2024-06-10 20:07:04
【日志内容】：Now listening on: http://0.0.0.0:5566

【日志级别】：Information
【日志类名】：Microsoft.Hosting.Lifetime
【日志时间】：2024-06-10 20:07:04
【日志内容】：Application started. Press Ctrl+C to shut down.

【日志级别】：Information
【日志类名】：Microsoft.Hosting.Lifetime
【日志时间】：2024-06-10 20:07:04
【日志内容】：Hosting environment: Development

【日志级别】：Information
【日志类名】：Microsoft.Hosting.Lifetime
【日志时间】：2024-06-10 20:07:04
【日志内容】：Content root path: C:\Myprogram\C#_program\SimpleAdmin-master\api\SimpleAdmin\SimpleAdmin.Web.Entry\

【日志级别】：Information
【日志类名】：Microsoft.Hosting.Lifetime
【日志时间】：2024-06-10 20:20:20
【日志内容】：Application is shutting down...

【日志级别】：Information
【日志类名】：System.Logging.EventBusService
【日志时间】：2024-06-10 20:20:41
【日志内容】：EventBus hosted service is running.

【日志级别】：Information
【日志类名】：Microsoft.Hosting.Lifetime
【日志时间】：2024-06-10 20:20:42
【日志内容】：Now listening on: http://0.0.0.0:5566

【日志级别】：Information
【日志类名】：Microsoft.Hosting.Lifetime
【日志时间】：2024-06-10 20:20:42
【日志内容】：Application started. Press Ctrl+C to shut down.

【日志级别】：Information
【日志类名】：Microsoft.Hosting.Lifetime
【日志时间】：2024-06-10 20:20:42
【日志内容】：Hosting environment: Development

【日志级别】：Information
【日志类名】：Microsoft.Hosting.Lifetime
【日志时间】：2024-06-10 20:20:42
【日志内容】：Content root path: C:\Myprogram\C#_program\SimpleAdmin-master\api\SimpleAdmin\SimpleAdmin.Web.Entry\

【日志级别】：Information
【日志类名】：Microsoft.Hosting.Lifetime
【日志时间】：2024-06-10 20:33:47
【日志内容】：Application is shutting down...

【日志级别】：Information
【日志类名】：System.Logging.EventBusService
【日志时间】：2024-06-10 20:34:02
【日志内容】：EventBus hosted service is running.

【日志级别】：Information
【日志类名】：Microsoft.Hosting.Lifetime
【日志时间】：2024-06-10 20:34:03
【日志内容】：Now listening on: http://0.0.0.0:5566

【日志级别】：Information
【日志类名】：Microsoft.Hosting.Lifetime
【日志时间】：2024-06-10 20:34:03
【日志内容】：Application started. Press Ctrl+C to shut down.

【日志级别】：Information
【日志类名】：Microsoft.Hosting.Lifetime
【日志时间】：2024-06-10 20:34:03
【日志内容】：Hosting environment: Development

【日志级别】：Information
【日志类名】：Microsoft.Hosting.Lifetime
【日志时间】：2024-06-10 20:34:03
【日志内容】：Content root path: C:\Myprogram\C#_program\SimpleAdmin-master\api\SimpleAdmin\SimpleAdmin.Web.Entry\

