【日志级别】：Information
【日志类名】：System.Logging.EventBusService
【日志时间】：2024-06-04 08:47:25
【日志内容】：EventBus hosted service is running.

【日志级别】：Information
【日志类名】：System.Logging.EventBusService
【日志时间】：2024-06-04 08:48:43
【日志内容】：EventBus hosted service is running.

【日志级别】：Information
【日志类名】：System.Logging.EventBusService
【日志时间】：2024-06-04 08:51:53
【日志内容】：EventBus hosted service is running.

【日志级别】：Information
【日志类名】：System.Logging.EventBusService
【日志时间】：2024-06-04 09:01:21
【日志内容】：EventBus hosted service is running.

【日志级别】：Information
【日志类名】：Microsoft.Hosting.Lifetime
【日志时间】：2024-06-04 09:01:28
【日志内容】：Now listening on: http://0.0.0.0:5566

【日志级别】：Information
【日志类名】：Microsoft.Hosting.Lifetime
【日志时间】：2024-06-04 09:01:28
【日志内容】：Application started. Press Ctrl+C to shut down.

【日志级别】：Information
【日志类名】：Microsoft.Hosting.Lifetime
【日志时间】：2024-06-04 09:01:28
【日志内容】：Hosting environment: Development

【日志级别】：Information
【日志类名】：Microsoft.Hosting.Lifetime
【日志时间】：2024-06-04 09:01:28
【日志内容】：Content root path: C:\Myprogram\C#_program\SimpleAdmin-master\api\SimpleAdmin\SimpleAdmin.Web.Entry\

【日志级别】：Information
【日志类名】：Microsoft.Hosting.Lifetime
【日志时间】：2024-06-04 09:05:08
【日志内容】：Application is shutting down...

【日志级别】：Information
【日志类名】：System.Logging.EventBusService
【日志时间】：2024-06-04 09:05:20
【日志内容】：EventBus hosted service is running.

【日志级别】：Information
【日志类名】：Microsoft.Hosting.Lifetime
【日志时间】：2024-06-04 09:05:43
【日志内容】：Now listening on: http://0.0.0.0:5566

【日志级别】：Information
【日志类名】：Microsoft.Hosting.Lifetime
【日志时间】：2024-06-04 09:05:43
【日志内容】：Application started. Press Ctrl+C to shut down.

【日志级别】：Information
【日志类名】：Microsoft.Hosting.Lifetime
【日志时间】：2024-06-04 09:05:43
【日志内容】：Hosting environment: Development

【日志级别】：Information
【日志类名】：Microsoft.Hosting.Lifetime
【日志时间】：2024-06-04 09:05:43
【日志内容】：Content root path: C:\Myprogram\C#_program\SimpleAdmin-master\api\SimpleAdmin\SimpleAdmin.Web.Entry\

【日志级别】：Information
【日志类名】：Microsoft.Hosting.Lifetime
【日志时间】：2024-06-04 09:42:16
【日志内容】：Application is shutting down...

【日志级别】：Information
【日志类名】：System.Logging.EventBusService
【日志时间】：2024-06-04 09:42:25
【日志内容】：EventBus hosted service is running.

【日志级别】：Information
【日志类名】：Microsoft.Hosting.Lifetime
【日志时间】：2024-06-04 09:42:47
【日志内容】：Now listening on: http://0.0.0.0:5566

【日志级别】：Information
【日志类名】：Microsoft.Hosting.Lifetime
【日志时间】：2024-06-04 09:42:47
【日志内容】：Application started. Press Ctrl+C to shut down.

【日志级别】：Information
【日志类名】：Microsoft.Hosting.Lifetime
【日志时间】：2024-06-04 09:42:47
【日志内容】：Hosting environment: Development

【日志级别】：Information
【日志类名】：Microsoft.Hosting.Lifetime
【日志时间】：2024-06-04 09:42:47
【日志内容】：Content root path: C:\Myprogram\C#_program\SimpleAdmin-master\api\SimpleAdmin\SimpleAdmin.Web.Entry\

【日志级别】：Information
【日志类名】：Microsoft.Hosting.Lifetime
【日志时间】：2024-06-04 09:43:34
【日志内容】：Application is shutting down...

【日志级别】：Information
【日志类名】：System.Logging.EventBusService
【日志时间】：2024-06-04 09:43:45
【日志内容】：EventBus hosted service is running.

【日志级别】：Information
【日志类名】：Microsoft.Hosting.Lifetime
【日志时间】：2024-06-04 09:44:07
【日志内容】：Now listening on: http://0.0.0.0:5566

【日志级别】：Information
【日志类名】：Microsoft.Hosting.Lifetime
【日志时间】：2024-06-04 09:44:07
【日志内容】：Application started. Press Ctrl+C to shut down.

【日志级别】：Information
【日志类名】：Microsoft.Hosting.Lifetime
【日志时间】：2024-06-04 09:44:07
【日志内容】：Hosting environment: Development

【日志级别】：Information
【日志类名】：Microsoft.Hosting.Lifetime
【日志时间】：2024-06-04 09:44:07
【日志内容】：Content root path: C:\Myprogram\C#_program\SimpleAdmin-master\api\SimpleAdmin\SimpleAdmin.Web.Entry\

【日志级别】：Information
【日志类名】：Microsoft.Hosting.Lifetime
【日志时间】：2024-06-04 09:51:10
【日志内容】：Application is shutting down...

【日志级别】：Information
【日志类名】：System.Logging.EventBusService
【日志时间】：2024-06-04 09:51:22
【日志内容】：EventBus hosted service is running.

【日志级别】：Information
【日志类名】：Microsoft.Hosting.Lifetime
【日志时间】：2024-06-04 09:51:41
【日志内容】：Now listening on: http://0.0.0.0:5566

【日志级别】：Information
【日志类名】：Microsoft.Hosting.Lifetime
【日志时间】：2024-06-04 09:51:41
【日志内容】：Application started. Press Ctrl+C to shut down.

【日志级别】：Information
【日志类名】：Microsoft.Hosting.Lifetime
【日志时间】：2024-06-04 09:51:41
【日志内容】：Hosting environment: Development

【日志级别】：Information
【日志类名】：Microsoft.Hosting.Lifetime
【日志时间】：2024-06-04 09:51:41
【日志内容】：Content root path: C:\Myprogram\C#_program\SimpleAdmin-master\api\SimpleAdmin\SimpleAdmin.Web.Entry\

【日志级别】：Information
【日志类名】：Microsoft.Hosting.Lifetime
【日志时间】：2024-06-04 10:37:08
【日志内容】：Application is shutting down...

