【日志级别】：Information
【日志类名】：System.Logging.EventBusService
【日志时间】：2024-06-06 14:16:02
【日志内容】：EventBus hosted service is running.

【日志级别】：Information
【日志类名】：Microsoft.Hosting.Lifetime
【日志时间】：2024-06-06 14:16:31
【日志内容】：Now listening on: http://0.0.0.0:5566

【日志级别】：Information
【日志类名】：Microsoft.Hosting.Lifetime
【日志时间】：2024-06-06 14:16:31
【日志内容】：Application started. Press Ctrl+C to shut down.

【日志级别】：Information
【日志类名】：Microsoft.Hosting.Lifetime
【日志时间】：2024-06-06 14:16:31
【日志内容】：Hosting environment: Development

【日志级别】：Information
【日志类名】：Microsoft.Hosting.Lifetime
【日志时间】：2024-06-06 14:16:31
【日志内容】：Content root path: C:\Myprogram\C#_program\SimpleAdmin-master\api\SimpleAdmin\SimpleAdmin.Web.Entry\

【日志级别】：Information
【日志类名】：Microsoft.Hosting.Lifetime
【日志时间】：2024-06-06 14:16:40
【日志内容】：Application is shutting down...

【日志级别】：Information
【日志类名】：System.Logging.EventBusService
【日志时间】：2024-06-06 14:20:07
【日志内容】：EventBus hosted service is running.

【日志级别】：Information
【日志类名】：Microsoft.Hosting.Lifetime
【日志时间】：2024-06-06 14:20:12
【日志内容】：Now listening on: http://0.0.0.0:5566

【日志级别】：Information
【日志类名】：Microsoft.Hosting.Lifetime
【日志时间】：2024-06-06 14:20:12
【日志内容】：Application started. Press Ctrl+C to shut down.

【日志级别】：Information
【日志类名】：Microsoft.Hosting.Lifetime
【日志时间】：2024-06-06 14:20:12
【日志内容】：Hosting environment: Development

【日志级别】：Information
【日志类名】：Microsoft.Hosting.Lifetime
【日志时间】：2024-06-06 14:20:12
【日志内容】：Content root path: C:\Myprogram\C#_program\SimpleAdmin-master\api\SimpleAdmin\SimpleAdmin.Web.Entry\

【日志级别】：Information
【日志类名】：Microsoft.Hosting.Lifetime
【日志时间】：2024-06-06 14:23:04
【日志内容】：Application is shutting down...

【日志级别】：Information
【日志类名】：System.Logging.EventBusService
【日志时间】：2024-06-06 14:23:26
【日志内容】：EventBus hosted service is running.

【日志级别】：Information
【日志类名】：Microsoft.Hosting.Lifetime
【日志时间】：2024-06-06 14:23:52
【日志内容】：Now listening on: http://0.0.0.0:5566

【日志级别】：Information
【日志类名】：Microsoft.Hosting.Lifetime
【日志时间】：2024-06-06 14:23:52
【日志内容】：Application started. Press Ctrl+C to shut down.

【日志级别】：Information
【日志类名】：Microsoft.Hosting.Lifetime
【日志时间】：2024-06-06 14:23:52
【日志内容】：Hosting environment: Development

【日志级别】：Information
【日志类名】：Microsoft.Hosting.Lifetime
【日志时间】：2024-06-06 14:23:52
【日志内容】：Content root path: C:\Myprogram\C#_program\SimpleAdmin-master\api\SimpleAdmin\SimpleAdmin.Web.Entry\

【日志级别】：Information
【日志类名】：Microsoft.Hosting.Lifetime
【日志时间】：2024-06-06 14:24:41
【日志内容】：Application is shutting down...

【日志级别】：Information
【日志类名】：System.Logging.EventBusService
【日志时间】：2024-06-06 16:37:52
【日志内容】：EventBus hosted service is running.

【日志级别】：Information
【日志类名】：Microsoft.Hosting.Lifetime
【日志时间】：2024-06-06 16:38:17
【日志内容】：Now listening on: http://0.0.0.0:5566

【日志级别】：Information
【日志类名】：Microsoft.Hosting.Lifetime
【日志时间】：2024-06-06 16:38:17
【日志内容】：Application started. Press Ctrl+C to shut down.

【日志级别】：Information
【日志类名】：Microsoft.Hosting.Lifetime
【日志时间】：2024-06-06 16:38:17
【日志内容】：Hosting environment: Development

【日志级别】：Information
【日志类名】：Microsoft.Hosting.Lifetime
【日志时间】：2024-06-06 16:38:17
【日志内容】：Content root path: C:\Myprogram\C#_program\SimpleAdmin-master\api\SimpleAdmin\SimpleAdmin.Web.Entry\

