【日志级别】：Information
【日志类名】：System.Logging.EventBusService
【日志时间】：2024-06-05 16:34:34
【日志内容】：EventBus hosted service is running.

【日志级别】：Information
【日志类名】：Microsoft.Hosting.Lifetime
【日志时间】：2024-06-05 16:34:57
【日志内容】：Now listening on: http://0.0.0.0:5566

【日志级别】：Information
【日志类名】：Microsoft.Hosting.Lifetime
【日志时间】：2024-06-05 16:34:57
【日志内容】：Application started. Press Ctrl+C to shut down.

【日志级别】：Information
【日志类名】：Microsoft.Hosting.Lifetime
【日志时间】：2024-06-05 16:34:57
【日志内容】：Hosting environment: Development

【日志级别】：Information
【日志类名】：Microsoft.Hosting.Lifetime
【日志时间】：2024-06-05 16:34:57
【日志内容】：Content root path: C:\Myprogram\C#_program\SimpleAdmin-master\api\SimpleAdmin\SimpleAdmin.Web.Entry\

【日志级别】：Information
【日志类名】：Microsoft.Hosting.Lifetime
【日志时间】：2024-06-05 17:27:04
【日志内容】：Application is shutting down...

【日志级别】：Information
【日志类名】：System.Logging.EventBusService
【日志时间】：2024-06-05 17:27:23
【日志内容】：EventBus hosted service is running.

【日志级别】：Information
【日志类名】：Microsoft.Hosting.Lifetime
【日志时间】：2024-06-05 17:27:43
【日志内容】：Now listening on: http://0.0.0.0:5566

【日志级别】：Information
【日志类名】：Microsoft.Hosting.Lifetime
【日志时间】：2024-06-05 17:27:43
【日志内容】：Application started. Press Ctrl+C to shut down.

【日志级别】：Information
【日志类名】：Microsoft.Hosting.Lifetime
【日志时间】：2024-06-05 17:27:43
【日志内容】：Hosting environment: Development

【日志级别】：Information
【日志类名】：Microsoft.Hosting.Lifetime
【日志时间】：2024-06-05 17:27:43
【日志内容】：Content root path: C:\Myprogram\C#_program\SimpleAdmin-master\api\SimpleAdmin\SimpleAdmin.Web.Entry\

【日志级别】：Information
【日志类名】：Microsoft.Hosting.Lifetime
【日志时间】：2024-06-05 17:30:09
【日志内容】：Application is shutting down...

【日志级别】：Information
【日志类名】：System.Logging.EventBusService
【日志时间】：2024-06-05 17:30:30
【日志内容】：EventBus hosted service is running.

【日志级别】：Information
【日志类名】：Microsoft.Hosting.Lifetime
【日志时间】：2024-06-05 17:30:51
【日志内容】：Now listening on: http://0.0.0.0:5566

【日志级别】：Information
【日志类名】：Microsoft.Hosting.Lifetime
【日志时间】：2024-06-05 17:30:51
【日志内容】：Application started. Press Ctrl+C to shut down.

【日志级别】：Information
【日志类名】：Microsoft.Hosting.Lifetime
【日志时间】：2024-06-05 17:30:51
【日志内容】：Hosting environment: Development

【日志级别】：Information
【日志类名】：Microsoft.Hosting.Lifetime
【日志时间】：2024-06-05 17:30:51
【日志内容】：Content root path: C:\Myprogram\C#_program\SimpleAdmin-master\api\SimpleAdmin\SimpleAdmin.Web.Entry\

【日志级别】：Information
【日志类名】：Microsoft.Hosting.Lifetime
【日志时间】：2024-06-05 17:41:06
【日志内容】：Application is shutting down...

【日志级别】：Information
【日志类名】：System.Logging.EventBusService
【日志时间】：2024-06-05 17:41:27
【日志内容】：EventBus hosted service is running.

【日志级别】：Information
【日志类名】：Microsoft.Hosting.Lifetime
【日志时间】：2024-06-05 17:41:29
【日志内容】：Now listening on: http://0.0.0.0:5566

【日志级别】：Information
【日志类名】：Microsoft.Hosting.Lifetime
【日志时间】：2024-06-05 17:41:29
【日志内容】：Application started. Press Ctrl+C to shut down.

【日志级别】：Information
【日志类名】：Microsoft.Hosting.Lifetime
【日志时间】：2024-06-05 17:41:29
【日志内容】：Hosting environment: Development

【日志级别】：Information
【日志类名】：Microsoft.Hosting.Lifetime
【日志时间】：2024-06-05 17:41:29
【日志内容】：Content root path: C:\Myprogram\C#_program\SimpleAdmin-master\api\SimpleAdmin\SimpleAdmin.Web.Entry\

【日志级别】：Information
【日志类名】：Microsoft.Hosting.Lifetime
【日志时间】：2024-06-05 17:42:52
【日志内容】：Application is shutting down...

【日志级别】：Information
【日志类名】：System.Logging.EventBusService
【日志时间】：2024-06-05 17:43:06
【日志内容】：EventBus hosted service is running.

【日志级别】：Information
【日志类名】：Microsoft.Hosting.Lifetime
【日志时间】：2024-06-05 17:43:08
【日志内容】：Now listening on: http://0.0.0.0:5566

【日志级别】：Information
【日志类名】：Microsoft.Hosting.Lifetime
【日志时间】：2024-06-05 17:43:08
【日志内容】：Application started. Press Ctrl+C to shut down.

【日志级别】：Information
【日志类名】：Microsoft.Hosting.Lifetime
【日志时间】：2024-06-05 17:43:08
【日志内容】：Hosting environment: Development

【日志级别】：Information
【日志类名】：Microsoft.Hosting.Lifetime
【日志时间】：2024-06-05 17:43:08
【日志内容】：Content root path: C:\Myprogram\C#_program\SimpleAdmin-master\api\SimpleAdmin\SimpleAdmin.Web.Entry\

【日志级别】：Information
【日志类名】：Microsoft.Hosting.Lifetime
【日志时间】：2024-06-05 18:12:12
【日志内容】：Application is shutting down...

【日志级别】：Information
【日志类名】：System.Logging.EventBusService
【日志时间】：2024-06-05 18:12:31
【日志内容】：EventBus hosted service is running.

【日志级别】：Information
【日志类名】：System.Logging.EventBusService
【日志时间】：2024-06-05 18:13:06
【日志内容】：EventBus hosted service is running.

【日志级别】：Information
【日志类名】：Microsoft.Hosting.Lifetime
【日志时间】：2024-06-05 18:13:08
【日志内容】：Now listening on: http://0.0.0.0:5566

【日志级别】：Information
【日志类名】：Microsoft.Hosting.Lifetime
【日志时间】：2024-06-05 18:13:08
【日志内容】：Application started. Press Ctrl+C to shut down.

【日志级别】：Information
【日志类名】：Microsoft.Hosting.Lifetime
【日志时间】：2024-06-05 18:13:08
【日志内容】：Hosting environment: Development

【日志级别】：Information
【日志类名】：Microsoft.Hosting.Lifetime
【日志时间】：2024-06-05 18:13:08
【日志内容】：Content root path: C:\Myprogram\C#_program\SimpleAdmin-master\api\SimpleAdmin\SimpleAdmin.Web.Entry\

【日志级别】：Information
【日志类名】：Microsoft.Hosting.Lifetime
【日志时间】：2024-06-05 18:14:34
【日志内容】：Application is shutting down...

【日志级别】：Information
【日志类名】：System.Logging.EventBusService
【日志时间】：2024-06-05 18:14:41
【日志内容】：EventBus hosted service is running.

【日志级别】：Information
【日志类名】：Microsoft.Hosting.Lifetime
【日志时间】：2024-06-05 18:14:42
【日志内容】：Now listening on: http://0.0.0.0:5566

【日志级别】：Information
【日志类名】：Microsoft.Hosting.Lifetime
【日志时间】：2024-06-05 18:14:42
【日志内容】：Application started. Press Ctrl+C to shut down.

【日志级别】：Information
【日志类名】：Microsoft.Hosting.Lifetime
【日志时间】：2024-06-05 18:14:42
【日志内容】：Hosting environment: Development

【日志级别】：Information
【日志类名】：Microsoft.Hosting.Lifetime
【日志时间】：2024-06-05 18:14:42
【日志内容】：Content root path: C:\Myprogram\C#_program\SimpleAdmin-master\api\SimpleAdmin\SimpleAdmin.Web.Entry\

